# JRE version: OpenJDK Runtime Environment Temurin-21.0.8+9 (21.0.8+9) (build 21.0.8+9-LTS)
# Java VM: OpenJDK 64-Bit Server VM Temurin-21.0.8+9 (21.0.8+9-LTS, mixed mode, sharing, tiered, compressed oops, compressed class ptrs, parallel gc, windows-amd64)
GC Precious Log:
 CardTable entry size: 512
 CPUs: 16 total, 16 available
 Memory: 7896M
 Large Page Support: Disabled
 NUMA Support: Disabled
 Compressed Oops: Enabled (32-bit)
 Alignments: Space 512K, Generation 512K, Heap 2M
 Heap Min Capacity: 100M
 Heap Initial Capacity: 100M
 Heap Max Capacity: 2G
 Pre-touch: Disabled
 Parallel Workers: 13
Heap:
 PSYoungGen      total 2560K, used 1906K [0x00000000d5580000, 0x00000000d6000000, 0x0000000100000000)
  eden space 1536K, 94% used [0x00000000d5580000,0x00000000d56ec808,0x00000000d5700000)
  from space 1024K, 43% used [0x00000000d5e00000,0x00000000d5e70000,0x00000000d5f00000)
  to   space 512K, 0% used [0x00000000d5f80000,0x00000000d5f80000,0x00000000d6000000)
 ParOldGen       total 972800K, used 471255K [0x0000000080000000, 0x00000000bb600000, 0x00000000d5580000)
  object space 972800K, 48% used [0x0000000080000000,0x000000009cc35f00,0x00000000bb600000)
 Metaspace       used 70632K, committed 72320K, reserved 1114112K
  class space    used 7268K, committed 8000K, reserved 1048576K
GC Heap History (20 events):
Event: 111.522 GC heap before
{Heap before GC invocations=2303 (full 3):
 PSYoungGen      total 14848K, used 14780K [0x00000000d5580000, 0x00000000d6680000, 0x0000000100000000)
  eden space 13824K, 100% used [0x00000000d5580000,0x00000000d6300000,0x00000000d6300000)
  from space 1024K, 93% used [0x00000000d6500000,0x00000000d65ef0b8,0x00000000d6600000)
  to   space 512K, 0% used [0x00000000d6600000,0x00000000d6600000,0x00000000d6680000)
 ParOldGen       total 972800K, used 453871K [0x0000000080000000, 0x00000000bb600000, 0x00000000d5580000)
  object space 972800K, 46% used [0x0000000080000000,0x000000009bb3bc48,0x00000000bb600000)
 Metaspace       used 69779K, committed 71360K, reserved 1114112K
  class space    used 7190K, committed 7872K, reserved 1048576K
}
Event: 111.529 GC heap after
{Heap after GC invocations=2303 (full 3):
 PSYoungGen      total 14336K, used 508K [0x00000000d5580000, 0x00000000d6700000, 0x0000000100000000)
  eden space 13824K, 0% used [0x00000000d5580000,0x00000000d5580000,0x00000000d6300000)
  from space 512K, 99% used [0x00000000d6600000,0x00000000d667f000,0x00000000d6680000)
  to   space 2048K, 0% used [0x00000000d6300000,0x00000000d6300000,0x00000000d6500000)
 ParOldGen       total 972800K, used 454826K [0x0000000080000000, 0x00000000bb600000, 0x00000000d5580000)
  object space 972800K, 46% used [0x0000000080000000,0x000000009bc2a8f0,0x00000000bb600000)
 Metaspace       used 69779K, committed 71360K, reserved 1114112K
  class space    used 7190K, committed 7872K, reserved 1048576K
}
Event: 112.138 GC heap before
{Heap before GC invocations=2304 (full 3):
 PSYoungGen      total 14336K, used 14332K [0x00000000d5580000, 0x00000000d6700000, 0x0000000100000000)
  eden space 13824K, 100% used [0x00000000d5580000,0x00000000d6300000,0x00000000d6300000)
  from space 512K, 99% used [0x00000000d6600000,0x00000000d667f000,0x00000000d6680000)
  to   space 2048K, 0% used [0x00000000d6300000,0x00000000d6300000,0x00000000d6500000)
 ParOldGen       total 972800K, used 454826K [0x0000000080000000, 0x00000000bb600000, 0x00000000d5580000)
  object space 972800K, 46% used [0x0000000080000000,0x000000009bc2a8f0,0x00000000bb600000)
 Metaspace       used 70018K, committed 71616K, reserved 1114112K
  class space    used 7208K, committed 7936K, reserved 1048576K
}
Event: 112.143 GC heap after
{Heap after GC invocations=2304 (full 3):
 PSYoungGen      total 15872K, used 1588K [0x00000000d5580000, 0x00000000d6700000, 0x0000000100000000)
  eden space 13824K, 0% used [0x00000000d5580000,0x00000000d5580000,0x00000000d6300000)
  from space 2048K, 77% used [0x00000000d6300000,0x00000000d648d200,0x00000000d6500000)
  to   space 2048K, 0% used [0x00000000d6500000,0x00000000d6500000,0x00000000d6700000)
 ParOldGen       total 972800K, used 455376K [0x0000000080000000, 0x00000000bb600000, 0x00000000d5580000)
  object space 972800K, 46% used [0x0000000080000000,0x000000009bcb4370,0x00000000bb600000)
 Metaspace       used 70018K, committed 71616K, reserved 1114112K
  class space    used 7208K, committed 7936K, reserved 1048576K
}
Event: 113.342 GC heap before
{Heap before GC invocations=2305 (full 3):
 PSYoungGen      total 15872K, used 15411K [0x00000000d5580000, 0x00000000d6700000, 0x0000000100000000)
  eden space 13824K, 99% used [0x00000000d5580000,0x00000000d62ffc28,0x00000000d6300000)
  from space 2048K, 77% used [0x00000000d6300000,0x00000000d648d200,0x00000000d6500000)
  to   space 2048K, 0% used [0x00000000d6500000,0x00000000d6500000,0x00000000d6700000)
 ParOldGen       total 972800K, used 455376K [0x0000000080000000, 0x00000000bb600000, 0x00000000d5580000)
  object space 972800K, 46% used [0x0000000080000000,0x000000009bcb4370,0x00000000bb600000)
 Metaspace       used 70139K, committed 71808K, reserved 1114112K
  class space    used 7212K, committed 7936K, reserved 1048576K
}
Event: 113.350 GC heap after
{Heap after GC invocations=2305 (full 3):
 PSYoungGen      total 15360K, used 1262K [0x00000000d5580000, 0x00000000d6680000, 0x0000000100000000)
  eden space 13824K, 0% used [0x00000000d5580000,0x00000000d5580000,0x00000000d6300000)
  from space 1536K, 82% used [0x00000000d6500000,0x00000000d663b9a8,0x00000000d6680000)
  to   space 1536K, 0% used [0x00000000d6380000,0x00000000d6380000,0x00000000d6500000)
 ParOldGen       total 972800K, used 456401K [0x0000000080000000, 0x00000000bb600000, 0x00000000d5580000)
  object space 972800K, 46% used [0x0000000080000000,0x000000009bdb4768,0x00000000bb600000)
 Metaspace       used 70139K, committed 71808K, reserved 1114112K
  class space    used 7212K, committed 7936K, reserved 1048576K
}
Event: 114.995 GC heap before
{Heap before GC invocations=2306 (full 3):
 PSYoungGen      total 15360K, used 15086K [0x00000000d5580000, 0x00000000d6680000, 0x0000000100000000)
  eden space 13824K, 100% used [0x00000000d5580000,0x00000000d6300000,0x00000000d6300000)
  from space 1536K, 82% used [0x00000000d6500000,0x00000000d663b9a8,0x00000000d6680000)
  to   space 1536K, 0% used [0x00000000d6380000,0x00000000d6380000,0x00000000d6500000)
 ParOldGen       total 972800K, used 456401K [0x0000000080000000, 0x00000000bb600000, 0x00000000d5580000)
  object space 972800K, 46% used [0x0000000080000000,0x000000009bdb4768,0x00000000bb600000)
 Metaspace       used 70199K, committed 71808K, reserved 1114112K
  class space    used 7222K, committed 7936K, reserved 1048576K
}
Event: 115.000 GC heap after
{Heap after GC invocations=2306 (full 3):
 PSYoungGen      total 14336K, used 320K [0x00000000d5580000, 0x00000000d6580000, 0x0000000100000000)
  eden space 13824K, 0% used [0x00000000d5580000,0x00000000d5580000,0x00000000d6300000)
  from space 512K, 62% used [0x00000000d6380000,0x00000000d63d0000,0x00000000d6400000)
  to   space 1024K, 0% used [0x00000000d6480000,0x00000000d6480000,0x00000000d6580000)
 ParOldGen       total 972800K, used 456553K [0x0000000080000000, 0x00000000bb600000, 0x00000000d5580000)
  object space 972800K, 46% used [0x0000000080000000,0x000000009bdda768,0x00000000bb600000)
 Metaspace       used 70199K, committed 71808K, reserved 1114112K
  class space    used 7222K, committed 7936K, reserved 1048576K
}
Event: 115.317 GC heap before
{Heap before GC invocations=2307 (full 3):
 PSYoungGen      total 14336K, used 14144K [0x00000000d5580000, 0x00000000d6580000, 0x0000000100000000)
  eden space 13824K, 100% used [0x00000000d5580000,0x00000000d6300000,0x00000000d6300000)
  from space 512K, 62% used [0x00000000d6380000,0x00000000d63d0000,0x00000000d6400000)
  to   space 1024K, 0% used [0x00000000d6480000,0x00000000d6480000,0x00000000d6580000)
 ParOldGen       total 972800K, used 456553K [0x0000000080000000, 0x00000000bb600000, 0x00000000d5580000)
  object space 972800K, 46% used [0x0000000080000000,0x000000009bdda768,0x00000000bb600000)
 Metaspace       used 70227K, committed 71872K, reserved 1114112K
  class space    used 7223K, committed 7936K, reserved 1048576K
}
Event: 115.423 GC heap after
{Heap after GC invocations=2307 (full 3):
 PSYoungGen      total 1536K, used 1024K [0x00000000d5580000, 0x00000000d8000000, 0x0000000100000000)
  eden space 512K, 0% used [0x00000000d5580000,0x00000000d5580000,0x00000000d5600000)
  from space 1024K, 100% used [0x00000000d6480000,0x00000000d6580000,0x00000000d6580000)
  to   space 14848K, 0% used [0x00000000d5600000,0x00000000d5600000,0x00000000d6480000)
 ParOldGen       total 972800K, used 468137K [0x0000000080000000, 0x00000000bb600000, 0x00000000d5580000)
  object space 972800K, 48% used [0x0000000080000000,0x000000009c92a5b8,0x00000000bb600000)
 Metaspace       used 70227K, committed 71872K, reserved 1114112K
  class space    used 7223K, committed 7936K, reserved 1048576K
}
Event: 115.431 GC heap before
{Heap before GC invocations=2308 (full 3):
 PSYoungGen      total 1536K, used 1535K [0x00000000d5580000, 0x00000000d8000000, 0x0000000100000000)
  eden space 512K, 99% used [0x00000000d5580000,0x00000000d55ffff8,0x00000000d5600000)
  from space 1024K, 100% used [0x00000000d6480000,0x00000000d6580000,0x00000000d6580000)
  to   space 14848K, 0% used [0x00000000d5600000,0x00000000d5600000,0x00000000d6480000)
 ParOldGen       total 972800K, used 468137K [0x0000000080000000, 0x00000000bb600000, 0x00000000d5580000)
  object space 972800K, 48% used [0x0000000080000000,0x000000009c92a5b8,0x00000000bb600000)
 Metaspace       used 70227K, committed 71872K, reserved 1114112K
  class space    used 7223K, committed 7936K, reserved 1048576K
}
Event: 115.442 GC heap after
{Heap after GC invocations=2308 (full 3):
 PSYoungGen      total 1536K, used 608K [0x00000000d5580000, 0x00000000d6500000, 0x0000000100000000)
  eden space 512K, 0% used [0x00000000d5580000,0x00000000d5580000,0x00000000d5600000)
  from space 1024K, 59% used [0x00000000d5600000,0x00000000d5698000,0x00000000d5700000)
  to   space 5120K, 0% used [0x00000000d6000000,0x00000000d6000000,0x00000000d6500000)
 ParOldGen       total 972800K, used 469255K [0x0000000080000000, 0x00000000bb600000, 0x00000000d5580000)
  object space 972800K, 48% used [0x0000000080000000,0x000000009ca41f00,0x00000000bb600000)
 Metaspace       used 70227K, committed 71872K, reserved 1114112K
  class space    used 7223K, committed 7936K, reserved 1048576K
}
Event: 115.446 GC heap before
{Heap before GC invocations=2309 (full 3):
 PSYoungGen      total 1536K, used 1120K [0x00000000d5580000, 0x00000000d6500000, 0x0000000100000000)
  eden space 512K, 100% used [0x00000000d5580000,0x00000000d5600000,0x00000000d5600000)
  from space 1024K, 59% used [0x00000000d5600000,0x00000000d5698000,0x00000000d5700000)
  to   space 5120K, 0% used [0x00000000d6000000,0x00000000d6000000,0x00000000d6500000)
 ParOldGen       total 972800K, used 469255K [0x0000000080000000, 0x00000000bb600000, 0x00000000d5580000)
  object space 972800K, 48% used [0x0000000080000000,0x000000009ca41f00,0x00000000bb600000)
 Metaspace       used 70227K, committed 71872K, reserved 1114112K
  class space    used 7223K, committed 7936K, reserved 1048576K
}
Event: 115.453 GC heap after
{Heap after GC invocations=2309 (full 3):
 PSYoungGen      total 2048K, used 608K [0x00000000d5580000, 0x00000000d6100000, 0x0000000100000000)
  eden space 1024K, 0% used [0x00000000d5580000,0x00000000d5580000,0x00000000d5680000)
  from space 1024K, 59% used [0x00000000d6000000,0x00000000d6098000,0x00000000d6100000)
  to   space 1536K, 0% used [0x00000000d5e00000,0x00000000d5e00000,0x00000000d5f80000)
 ParOldGen       total 972800K, used 469727K [0x0000000080000000, 0x00000000bb600000, 0x00000000d5580000)
  object space 972800K, 48% used [0x0000000080000000,0x000000009cab7f00,0x00000000bb600000)
 Metaspace       used 70227K, committed 71872K, reserved 1114112K
  class space    used 7223K, committed 7936K, reserved 1048576K
}
Event: 115.510 GC heap before
{Heap before GC invocations=2310 (full 3):
 PSYoungGen      total 2048K, used 1631K [0x00000000d5580000, 0x00000000d6100000, 0x0000000100000000)
  eden space 1024K, 99% used [0x00000000d5580000,0x00000000d567fff8,0x00000000d5680000)
  from space 1024K, 59% used [0x00000000d6000000,0x00000000d6098000,0x00000000d6100000)
  to   space 1536K, 0% used [0x00000000d5e00000,0x00000000d5e00000,0x00000000d5f80000)
 ParOldGen       total 972800K, used 469727K [0x0000000080000000, 0x00000000bb600000, 0x00000000d5580000)
  object space 972800K, 48% used [0x0000000080000000,0x000000009cab7f00,0x00000000bb600000)
 Metaspace       used 70241K, committed 71872K, reserved 1114112K
  class space    used 7224K, committed 7936K, reserved 1048576K
}
Event: 115.520 GC heap after
{Heap after GC invocations=2310 (full 3):
 PSYoungGen      total 3072K, used 1088K [0x00000000d5580000, 0x00000000d6080000, 0x0000000100000000)
  eden space 1536K, 0% used [0x00000000d5580000,0x00000000d5580000,0x00000000d5700000)
  from space 1536K, 70% used [0x00000000d5e00000,0x00000000d5f10000,0x00000000d5f80000)
  to   space 1024K, 0% used [0x00000000d5f80000,0x00000000d5f80000,0x00000000d6080000)
 ParOldGen       total 972800K, used 470215K [0x0000000080000000, 0x00000000bb600000, 0x00000000d5580000)
  object space 972800K, 48% used [0x0000000080000000,0x000000009cb31f00,0x00000000bb600000)
 Metaspace       used 70241K, committed 71872K, reserved 1114112K
  class space    used 7224K, committed 7936K, reserved 1048576K
}
Event: 173.174 GC heap before
{Heap before GC invocations=2311 (full 3):
 PSYoungGen      total 3072K, used 2624K [0x00000000d5580000, 0x00000000d6080000, 0x0000000100000000)
  eden space 1536K, 100% used [0x00000000d5580000,0x00000000d5700000,0x00000000d5700000)
  from space 1536K, 70% used [0x00000000d5e00000,0x00000000d5f10000,0x00000000d5f80000)
  to   space 1024K, 0% used [0x00000000d5f80000,0x00000000d5f80000,0x00000000d6080000)
 ParOldGen       total 972800K, used 470215K [0x0000000080000000, 0x00000000bb600000, 0x00000000d5580000)
  object space 972800K, 48% used [0x0000000080000000,0x000000009cb31f00,0x00000000bb600000)
 Metaspace       used 70291K, committed 72000K, reserved 1114112K
  class space    used 7236K, committed 8000K, reserved 1048576K
}
Event: 173.289 GC heap after
{Heap after GC invocations=2311 (full 3):
 PSYoungGen      total 2048K, used 288K [0x00000000d5580000, 0x00000000d6000000, 0x0000000100000000)
  eden space 1536K, 0% used [0x00000000d5580000,0x00000000d5580000,0x00000000d5700000)
  from space 512K, 56% used [0x00000000d5f80000,0x00000000d5fc8000,0x00000000d6000000)
  to   space 1024K, 0% used [0x00000000d5e00000,0x00000000d5e00000,0x00000000d5f00000)
 ParOldGen       total 972800K, used 471143K [0x0000000080000000, 0x00000000bb600000, 0x00000000d5580000)
  object space 972800K, 48% used [0x0000000080000000,0x000000009cc19f00,0x00000000bb600000)
 Metaspace       used 70291K, committed 72000K, reserved 1114112K
  class space    used 7236K, committed 8000K, reserved 1048576K
}
Event: 365.843 GC heap before
{Heap before GC invocations=2312 (full 3):
 PSYoungGen      total 2048K, used 1811K [0x00000000d5580000, 0x00000000d6000000, 0x0000000100000000)
  eden space 1536K, 99% used [0x00000000d5580000,0x00000000d56fce68,0x00000000d5700000)
  from space 512K, 56% used [0x00000000d5f80000,0x00000000d5fc8000,0x00000000d6000000)
  to   space 1024K, 0% used [0x00000000d5e00000,0x00000000d5e00000,0x00000000d5f00000)
 ParOldGen       total 972800K, used 471143K [0x0000000080000000, 0x00000000bb600000, 0x00000000d5580000)
  object space 972800K, 48% used [0x0000000080000000,0x000000009cc19f00,0x00000000bb600000)
 Metaspace       used 70522K, committed 72192K, reserved 1114112K
  class space    used 7259K, committed 8000K, reserved 1048576K
}
Event: 366.046 GC heap after
{Heap after GC invocations=2312 (full 3):
 PSYoungGen      total 2560K, used 448K [0x00000000d5580000, 0x00000000d6000000, 0x0000000100000000)
  eden space 1536K, 0% used [0x00000000d5580000,0x00000000d5580000,0x00000000d5700000)
  from space 1024K, 43% used [0x00000000d5e00000,0x00000000d5e70000,0x00000000d5f00000)
  to   space 512K, 0% used [0x00000000d5f80000,0x00000000d5f80000,0x00000000d6000000)
 ParOldGen       total 972800K, used 471255K [0x0000000080000000, 0x00000000bb600000, 0x00000000d5580000)
  object space 972800K, 48% used [0x0000000080000000,0x000000009cc35f00,0x00000000bb600000)
 Metaspace       used 70522K, committed 72192K, reserved 1114112K
  class space    used 7259K, committed 8000K, reserved 1048576K
}

